

Started GET "/greetings/hello" for 127.0.0.1 at 2017-11-02 01:14:36 +0800
Processing by GreetingsController#hello as HTML
  Rendered greetings/hello.html.erb within layouts/application (0.6ms)
Completed 200 OK in 387ms (Views: 380.4ms | ActiveRecord: 0.0ms)


Started GET "/greetings/hello" for 127.0.0.1 at 2017-11-02 01:15:58 +0800
Processing by GreetingsController#hello as HTML
  Rendered greetings/hello.html.erb within layouts/application (0.3ms)
Completed 200 OK in 7ms (Views: 6.8ms | ActiveRecord: 0.0ms)


Started GET "/greetings/bye" for 127.0.0.1 at 2017-11-02 01:15:59 +0800
Processing by GreetingsController#bye as HTML
  Rendered greetings/bye.html.erb within layouts/application (0.2ms)
Completed 200 OK in 8ms (Views: 7.9ms | ActiveRecord: 0.0ms)


Started GET "/greetings/bye" for 127.0.0.1 at 2017-11-02 01:16:17 +0800
Processing by GreetingsController#bye as HTML
  Rendered greetings/bye.html.erb within layouts/application (0.1ms)
Completed 200 OK in 9ms (Views: 8.9ms | ActiveRecord: 0.0ms)


Started GET "/greetings/bye" for 127.0.0.1 at 2017-11-02 01:16:34 +0800
Processing by GreetingsController#bye as HTML
  Rendered greetings/bye.html.erb within layouts/application (0.0ms)
Completed 200 OK in 7ms (Views: 6.6ms | ActiveRecord: 0.0ms)


Started GET "/greetings/bye" for 127.0.0.1 at 2017-11-02 01:17:45 +0800
Processing by GreetingsController#bye as HTML
  Rendered greetings/bye.html.erb within layouts/application (0.2ms)
Completed 200 OK in 21ms (Views: 20.5ms | ActiveRecord: 0.0ms)


Started GET "/greetings/bye" for 127.0.0.1 at 2017-11-02 01:19:38 +0800
Processing by GreetingsController#bye as HTML
  Rendered greetings/bye.html.erb within layouts/application (0.2ms)
Completed 200 OK in 29ms (Views: 28.3ms | ActiveRecord: 0.0ms)


Started GET "/greetings/bye" for 127.0.0.1 at 2017-11-02 01:20:01 +0800
Processing by GreetingsController#bye as HTML
  Rendered greetings/bye.html.erb within layouts/application (0.2ms)
Completed 200 OK in 13ms (Views: 12.8ms | ActiveRecord: 0.0ms)


Started GET "/greetings/bye" for 127.0.0.1 at 2017-11-02 01:20:05 +0800
Processing by GreetingsController#bye as HTML
  Rendered greetings/bye.html.erb within layouts/application (0.0ms)
Completed 200 OK in 12ms (Views: 12.1ms | ActiveRecord: 0.0ms)


Started GET "/greetings/bye" for 127.0.0.1 at 2017-11-02 01:26:17 +0800
Processing by GreetingsController#bye as HTML
  Rendered greetings/bye.html.erb within layouts/application (0.2ms)
Completed 200 OK in 12ms (Views: 11.4ms | ActiveRecord: 0.0ms)


Started GET "/greetings/hello" for 127.0.0.1 at 2017-11-02 01:26:19 +0800
Processing by GreetingsController#hello as HTML
  Rendered greetings/hello.html.erb within layouts/application (0.1ms)
Completed 200 OK in 17ms (Views: 16.1ms | ActiveRecord: 0.0ms)


Started GET "/greetings/hello" for 127.0.0.1 at 2017-11-02 01:26:25 +0800
Processing by GreetingsController#hello as HTML
  Rendered greetings/hello.html.erb within layouts/application (0.0ms)
Completed 200 OK in 18ms (Views: 17.2ms | ActiveRecord: 0.0ms)


Started GET "/greetings/bye" for 127.0.0.1 at 2017-11-02 01:26:27 +0800
Processing by GreetingsController#bye as HTML
  Rendered greetings/bye.html.erb within layouts/application (0.0ms)
Completed 200 OK in 23ms (Views: 21.8ms | ActiveRecord: 0.0ms)


Started GET "/greetings/hello" for 127.0.0.1 at 2017-11-02 01:26:28 +0800
Processing by GreetingsController#hello as HTML
  Rendered greetings/hello.html.erb within layouts/application (0.1ms)
Completed 200 OK in 33ms (Views: 31.6ms | ActiveRecord: 0.0ms)


Started GET "/greetings/hello" for 127.0.0.1 at 2017-11-02 01:26:33 +0800
Processing by GreetingsController#hello as HTML
  Rendered greetings/hello.html.erb within layouts/application (0.0ms)
Completed 200 OK in 12ms (Views: 11.9ms | ActiveRecord: 0.0ms)


Started GET "/greetings/hello" for 127.0.0.1 at 2017-11-02 01:26:55 +0800
Processing by GreetingsController#hello as HTML
  Rendered greetings/hello.html.erb within layouts/application (0.3ms)
Completed 200 OK in 13ms (Views: 12.8ms | ActiveRecord: 0.0ms)


Started GET "/greetings/bye" for 127.0.0.1 at 2017-11-02 01:26:56 +0800
Processing by GreetingsController#bye as HTML
  Rendered greetings/bye.html.erb within layouts/application (0.1ms)
Completed 200 OK in 23ms (Views: 21.9ms | ActiveRecord: 0.0ms)


Started GET "/greetings/hello" for 127.0.0.1 at 2017-11-02 01:26:57 +0800
Processing by GreetingsController#hello as HTML
  Rendered greetings/hello.html.erb within layouts/application (0.1ms)
Completed 200 OK in 28ms (Views: 26.7ms | ActiveRecord: 0.0ms)


Started GET "/greetings/bye" for 127.0.0.1 at 2017-11-02 01:26:58 +0800
Processing by GreetingsController#bye as HTML
  Rendered greetings/bye.html.erb within layouts/application (0.1ms)
Completed 200 OK in 29ms (Views: 27.5ms | ActiveRecord: 0.0ms)


Started GET "/greetings/hello" for 127.0.0.1 at 2017-11-02 01:26:58 +0800
Processing by GreetingsController#hello as HTML
  Rendered greetings/hello.html.erb within layouts/application (0.1ms)
Completed 200 OK in 31ms (Views: 29.8ms | ActiveRecord: 0.0ms)


Started GET "/greetings/bye" for 127.0.0.1 at 2017-11-02 01:26:59 +0800
Processing by GreetingsController#bye as HTML
  Rendered greetings/bye.html.erb within layouts/application (0.0ms)
Completed 200 OK in 7ms (Views: 6.3ms | ActiveRecord: 0.0ms)


Started GET "/greetings/hello" for 127.0.0.1 at 2017-11-02 01:27:00 +0800
Processing by GreetingsController#hello as HTML
  Rendered greetings/hello.html.erb within layouts/application (0.1ms)
Completed 200 OK in 25ms (Views: 23.4ms | ActiveRecord: 0.0ms)


Started GET "/greetings/bye" for 127.0.0.1 at 2017-11-02 01:27:01 +0800
Processing by GreetingsController#bye as HTML
  Rendered greetings/bye.html.erb within layouts/application (0.0ms)
Completed 200 OK in 7ms (Views: 6.3ms | ActiveRecord: 0.0ms)


Started GET "/greetings/hello" for 127.0.0.1 at 2017-11-02 01:27:01 +0800
Processing by GreetingsController#hello as HTML
  Rendered greetings/hello.html.erb within layouts/application (0.0ms)
Completed 200 OK in 7ms (Views: 6.8ms | ActiveRecord: 0.0ms)


Started GET "/greetings/bye" for 127.0.0.1 at 2017-11-02 01:27:03 +0800
Processing by GreetingsController#bye as HTML
  Rendered greetings/bye.html.erb within layouts/application (0.0ms)
Completed 200 OK in 7ms (Views: 6.9ms | ActiveRecord: 0.0ms)


Started GET "/greetings/hello" for 127.0.0.1 at 2017-11-02 01:27:03 +0800
Processing by GreetingsController#hello as HTML
  Rendered greetings/hello.html.erb within layouts/application (0.1ms)
Completed 200 OK in 25ms (Views: 24.3ms | ActiveRecord: 0.0ms)


Started GET "/greetings/bye" for 127.0.0.1 at 2017-11-02 01:27:04 +0800
Processing by GreetingsController#bye as HTML
  Rendered greetings/bye.html.erb within layouts/application (0.0ms)
Completed 200 OK in 7ms (Views: 6.0ms | ActiveRecord: 0.0ms)


Started GET "/greetings/hello" for 127.0.0.1 at 2017-11-02 01:27:05 +0800
Processing by GreetingsController#hello as HTML
  Rendered greetings/hello.html.erb within layouts/application (0.0ms)
Completed 200 OK in 9ms (Views: 8.2ms | ActiveRecord: 0.0ms)


Started GET "/greetings/bye" for 127.0.0.1 at 2017-11-02 01:27:06 +0800
Processing by GreetingsController#bye as HTML
  Rendered greetings/bye.html.erb within layouts/application (0.0ms)
Completed 200 OK in 8ms (Views: 7.4ms | ActiveRecord: 0.0ms)


Started GET "/greetings/hello" for 127.0.0.1 at 2017-11-02 01:27:07 +0800
Processing by GreetingsController#hello as HTML
  Rendered greetings/hello.html.erb within layouts/application (0.0ms)
Completed 200 OK in 6ms (Views: 5.8ms | ActiveRecord: 0.0ms)


Started GET "/greetings/bye" for 127.0.0.1 at 2017-11-02 01:27:08 +0800
Processing by GreetingsController#bye as HTML
  Rendered greetings/bye.html.erb within layouts/application (0.1ms)
Completed 200 OK in 24ms (Views: 22.7ms | ActiveRecord: 0.0ms)


Started GET "/greetings/hello" for 127.0.0.1 at 2017-11-02 01:27:09 +0800
Processing by GreetingsController#hello as HTML
  Rendered greetings/hello.html.erb within layouts/application (0.2ms)
Completed 200 OK in 18ms (Views: 17.1ms | ActiveRecord: 0.0ms)


Started GET "/greetings/bye" for 127.0.0.1 at 2017-11-02 01:27:10 +0800
Processing by GreetingsController#bye as HTML
  Rendered greetings/bye.html.erb within layouts/application (0.0ms)
Completed 200 OK in 8ms (Views: 7.9ms | ActiveRecord: 0.0ms)


Started GET "/greetings/hello" for 127.0.0.1 at 2017-11-02 01:27:11 +0800
Processing by GreetingsController#hello as HTML
  Rendered greetings/hello.html.erb within layouts/application (0.1ms)
Completed 200 OK in 26ms (Views: 25.5ms | ActiveRecord: 0.0ms)


Started GET "/greetings/bye" for 127.0.0.1 at 2017-11-02 01:27:13 +0800
Processing by GreetingsController#bye as HTML
  Rendered greetings/bye.html.erb within layouts/application (0.0ms)
Completed 200 OK in 7ms (Views: 7.0ms | ActiveRecord: 0.0ms)


Started GET "/greetings/hello" for 127.0.0.1 at 2017-11-02 01:27:14 +0800
Processing by GreetingsController#hello as HTML
  Rendered greetings/hello.html.erb within layouts/application (0.0ms)
Completed 200 OK in 9ms (Views: 8.9ms | ActiveRecord: 0.0ms)


Started GET "/greetings/bye" for 127.0.0.1 at 2017-11-02 01:27:14 +0800
Processing by GreetingsController#bye as HTML
  Rendered greetings/bye.html.erb within layouts/application (0.0ms)
Completed 200 OK in 9ms (Views: 8.5ms | ActiveRecord: 0.0ms)


Started GET "/greetings/hello" for 127.0.0.1 at 2017-11-02 01:27:15 +0800
Processing by GreetingsController#hello as HTML
  Rendered greetings/hello.html.erb within layouts/application (0.1ms)
Completed 200 OK in 34ms (Views: 33.1ms | ActiveRecord: 0.0ms)


Started GET "/greetings/bye" for 127.0.0.1 at 2017-11-02 01:27:28 +0800
Processing by GreetingsController#bye as HTML
  Rendered greetings/bye.html.erb within layouts/application (0.1ms)
Completed 200 OK in 25ms (Views: 23.2ms | ActiveRecord: 0.0ms)


Started GET "/greetings/hello" for 127.0.0.1 at 2017-11-02 01:27:28 +0800
Processing by GreetingsController#hello as HTML
  Rendered greetings/hello.html.erb within layouts/application (1.0ms)
Completed 200 OK in 29ms (Views: 28.3ms | ActiveRecord: 0.0ms)


Started GET "/greetings/hello" for 127.0.0.1 at 2017-11-02 01:27:37 +0800
Processing by GreetingsController#hello as HTML
  Rendered greetings/hello.html.erb within layouts/application (0.1ms)
Completed 200 OK in 11ms (Views: 10.5ms | ActiveRecord: 0.0ms)


Started GET "/greetings/bye" for 127.0.0.1 at 2017-11-02 01:28:09 +0800
Processing by GreetingsController#bye as HTML
  Rendered greetings/bye.html.erb within layouts/application (0.0ms)
Completed 200 OK in 7ms (Views: 6.5ms | ActiveRecord: 0.0ms)


Started GET "/greetings/hello" for 127.0.0.1 at 2017-11-02 01:28:09 +0800
Processing by GreetingsController#hello as HTML
  Rendered greetings/hello.html.erb within layouts/application (0.1ms)
Completed 200 OK in 15ms (Views: 14.1ms | ActiveRecord: 0.0ms)


Started GET "/greetings/hello" for 127.0.0.1 at 2017-11-02 01:28:21 +0800
Processing by GreetingsController#hello as HTML
  Rendered greetings/hello.html.erb within layouts/application (0.0ms)
Completed 200 OK in 8ms (Views: 8.0ms | ActiveRecord: 0.0ms)


Started GET "/greetings/hello" for 127.0.0.1 at 2017-11-02 01:28:51 +0800
Processing by GreetingsController#hello as HTML
  Rendered greetings/hello.html.erb within layouts/application (0.0ms)
Completed 200 OK in 6ms (Views: 6.1ms | ActiveRecord: 0.0ms)


Started GET "/greetings/bye" for 127.0.0.1 at 2017-11-02 01:28:54 +0800
Processing by GreetingsController#bye as HTML
  Rendered greetings/bye.html.erb within layouts/application (0.0ms)
Completed 200 OK in 7ms (Views: 6.5ms | ActiveRecord: 0.0ms)


Started GET "/greetings/hello" for 127.0.0.1 at 2017-11-02 01:28:55 +0800
Processing by GreetingsController#hello as HTML
  Rendered greetings/hello.html.erb within layouts/application (0.1ms)
Completed 200 OK in 14ms (Views: 12.5ms | ActiveRecord: 0.0ms)


Started GET "/greetings/hello" for 127.0.0.1 at 2017-11-02 01:29:01 +0800
Processing by GreetingsController#hello as HTML
  Rendered greetings/hello.html.erb within layouts/application (0.0ms)
Completed 200 OK in 7ms (Views: 6.7ms | ActiveRecord: 0.0ms)


Started GET "/greetings/hello" for 127.0.0.1 at 2017-11-02 01:29:41 +0800
Processing by GreetingsController#hello as HTML
  Rendered greetings/hello.html.erb within layouts/application (0.0ms)
Completed 200 OK in 6ms (Views: 6.3ms | ActiveRecord: 0.0ms)


Started GET "/greetings/bye" for 127.0.0.1 at 2017-11-02 01:29:52 +0800
Processing by GreetingsController#bye as HTML
  Rendered greetings/bye.html.erb within layouts/application (0.1ms)
Completed 200 OK in 20ms (Views: 19.3ms | ActiveRecord: 0.0ms)


Started GET "/greetings/hello" for 127.0.0.1 at 2017-11-02 01:29:56 +0800
Processing by GreetingsController#hello as HTML
  Rendered greetings/hello.html.erb within layouts/application (0.1ms)
Completed 200 OK in 24ms (Views: 23.2ms | ActiveRecord: 0.0ms)


Started GET "/greetings/hello" for 127.0.0.1 at 2017-11-02 01:30:30 +0800
Processing by GreetingsController#hello as HTML
  Rendered greetings/hello.html.erb within layouts/application (0.1ms)
Completed 200 OK in 7ms (Views: 6.8ms | ActiveRecord: 0.0ms)


Started GET "/greetings/bye" for 127.0.0.1 at 2017-11-02 01:30:37 +0800
Processing by GreetingsController#bye as HTML
  Rendered greetings/bye.html.erb within layouts/application (0.0ms)
Completed 200 OK in 13ms (Views: 12.3ms | ActiveRecord: 0.0ms)


Started GET "/greetings/hello" for 127.0.0.1 at 2017-11-02 01:30:41 +0800
Processing by GreetingsController#hello as HTML
  Rendered greetings/hello.html.erb within layouts/application (0.1ms)
Completed 200 OK in 18ms (Views: 17.5ms | ActiveRecord: 0.0ms)


Started GET "/greetings/bye" for 127.0.0.1 at 2017-11-02 01:30:52 +0800
Processing by GreetingsController#bye as HTML
  Rendered greetings/bye.html.erb within layouts/application (0.0ms)
Completed 200 OK in 6ms (Views: 5.4ms | ActiveRecord: 0.0ms)


Started GET "/greetings/hello" for 127.0.0.1 at 2017-11-02 01:30:55 +0800
Processing by GreetingsController#hello as HTML
  Rendered greetings/hello.html.erb within layouts/application (0.1ms)
Completed 200 OK in 17ms (Views: 16.4ms | ActiveRecord: 0.0ms)


Started GET "/greetings/bye" for 127.0.0.1 at 2017-11-02 01:30:57 +0800
Processing by GreetingsController#bye as HTML
  Rendered greetings/bye.html.erb within layouts/application (0.1ms)
Completed 200 OK in 16ms (Views: 15.6ms | ActiveRecord: 0.0ms)


Started GET "/greetings/hello" for 127.0.0.1 at 2017-11-02 01:30:58 +0800
Processing by GreetingsController#hello as HTML
  Rendered greetings/hello.html.erb within layouts/application (0.3ms)
Completed 200 OK in 31ms (Views: 30.6ms | ActiveRecord: 0.0ms)


Started GET "/greetings/hello" for 127.0.0.1 at 2017-11-02 01:31:01 +0800
Processing by GreetingsController#hello as HTML
  Rendered greetings/hello.html.erb within layouts/application (0.0ms)
Completed 200 OK in 7ms (Views: 7.3ms | ActiveRecord: 0.0ms)


Started GET "/greetings/bye" for 127.0.0.1 at 2017-11-02 01:32:41 +0800
Processing by GreetingsController#bye as HTML
  Rendered greetings/bye.html.erb within layouts/application (0.1ms)
Completed 200 OK in 27ms (Views: 26.2ms | ActiveRecord: 0.0ms)


Started GET "/greetings/hello" for 127.0.0.1 at 2017-11-02 01:32:42 +0800
Processing by GreetingsController#hello as HTML
  Rendered greetings/hello.html.erb within layouts/application (0.8ms)
Completed 200 OK in 27ms (Views: 26.1ms | ActiveRecord: 0.0ms)


Started GET "/greetings/hello" for 127.0.0.1 at 2017-11-02 01:32:46 +0800
Processing by GreetingsController#hello as HTML
  Rendered greetings/hello.html.erb within layouts/application (0.0ms)
Completed 200 OK in 6ms (Views: 6.2ms | ActiveRecord: 0.0ms)


Started GET "/greetings/bye" for 127.0.0.1 at 2017-11-02 01:32:47 +0800
Processing by GreetingsController#bye as HTML
  Rendered greetings/bye.html.erb within layouts/application (0.0ms)
Completed 200 OK in 7ms (Views: 6.4ms | ActiveRecord: 0.0ms)


Started GET "/greetings/hello" for 127.0.0.1 at 2017-11-02 01:32:48 +0800
Processing by GreetingsController#hello as HTML
  Rendered greetings/hello.html.erb within layouts/application (0.1ms)
Completed 200 OK in 25ms (Views: 24.2ms | ActiveRecord: 0.0ms)


Started GET "/greetings/bye" for 127.0.0.1 at 2017-11-02 01:32:49 +0800
Processing by GreetingsController#bye as HTML
  Rendered greetings/bye.html.erb within layouts/application (0.0ms)
Completed 200 OK in 8ms (Views: 7.2ms | ActiveRecord: 0.0ms)


Started GET "/greetings/hello" for 127.0.0.1 at 2017-11-02 01:32:50 +0800
Processing by GreetingsController#hello as HTML
  Rendered greetings/hello.html.erb within layouts/application (0.1ms)
Completed 200 OK in 25ms (Views: 24.2ms | ActiveRecord: 0.0ms)


Started GET "/greetings/hello" for 127.0.0.1 at 2017-11-02 01:33:03 +0800
Processing by GreetingsController#hello as HTML
  Rendered greetings/hello.html.erb within layouts/application (0.3ms)
Completed 200 OK in 7ms (Views: 6.8ms | ActiveRecord: 0.0ms)


Started GET "/greetings/bye" for 127.0.0.1 at 2017-11-02 01:33:05 +0800
Processing by GreetingsController#bye as HTML
  Rendered greetings/bye.html.erb within layouts/application (0.1ms)
Completed 200 OK in 10ms (Views: 8.7ms | ActiveRecord: 0.0ms)


Started GET "/greetings/hello" for 127.0.0.1 at 2017-11-02 01:33:05 +0800
Processing by GreetingsController#hello as HTML
  Rendered greetings/hello.html.erb within layouts/application (0.0ms)
Completed 200 OK in 10ms (Views: 9.0ms | ActiveRecord: 0.0ms)


Started GET "/greetings/bye" for 127.0.0.1 at 2017-11-02 01:33:06 +0800
Processing by GreetingsController#bye as HTML
  Rendered greetings/bye.html.erb within layouts/application (0.1ms)
Completed 200 OK in 26ms (Views: 25.4ms | ActiveRecord: 0.0ms)


Started GET "/greetings/hello" for 127.0.0.1 at 2017-11-02 01:33:07 +0800
Processing by GreetingsController#hello as HTML
  Rendered greetings/hello.html.erb within layouts/application (0.1ms)
Completed 200 OK in 22ms (Views: 20.9ms | ActiveRecord: 0.0ms)


Started GET "/greetings/bye" for 127.0.0.1 at 2017-11-02 01:33:57 +0800
Processing by GreetingsController#bye as HTML
  Rendered greetings/bye.html.erb within layouts/application (0.1ms)
Completed 200 OK in 19ms (Views: 18.4ms | ActiveRecord: 0.0ms)


Started GET "/greetings/hello" for 127.0.0.1 at 2017-11-02 01:33:58 +0800
Processing by GreetingsController#hello as HTML
  Rendered greetings/hello.html.erb within layouts/application (0.1ms)
Completed 200 OK in 24ms (Views: 22.7ms | ActiveRecord: 0.0ms)


Started GET "/greetings/hello" for 127.0.0.1 at 2017-11-02 01:34:01 +0800
Processing by GreetingsController#hello as HTML
  Rendered greetings/hello.html.erb within layouts/application (0.1ms)
Completed 200 OK in 7ms (Views: 7.1ms | ActiveRecord: 0.0ms)


Started GET "/greetings/hello" for 127.0.0.1 at 2017-11-02 01:34:07 +0800
Processing by GreetingsController#hello as HTML
  Rendered greetings/hello.html.erb within layouts/application (0.2ms)
Completed 200 OK in 14ms (Views: 13.6ms | ActiveRecord: 0.0ms)


Started GET "/greetings/bye" for 127.0.0.1 at 2017-11-02 01:34:08 +0800
Processing by GreetingsController#bye as HTML
  Rendered greetings/bye.html.erb within layouts/application (0.1ms)
Completed 200 OK in 16ms (Views: 15.2ms | ActiveRecord: 0.0ms)


Started GET "/greetings/hello" for 127.0.0.1 at 2017-11-02 01:34:09 +0800
Processing by GreetingsController#hello as HTML
  Rendered greetings/hello.html.erb within layouts/application (0.1ms)
Completed 200 OK in 9ms (Views: 8.6ms | ActiveRecord: 0.0ms)


Started GET "/greetings/hello" for 127.0.0.1 at 2017-11-02 01:34:20 +0800
Processing by GreetingsController#hello as HTML
  Rendered greetings/hello.html.erb within layouts/application (0.1ms)
Completed 200 OK in 8ms (Views: 7.6ms | ActiveRecord: 0.0ms)


Started GET "/greetings/bye" for 127.0.0.1 at 2017-11-02 01:35:30 +0800
Processing by GreetingsController#bye as HTML
  Rendered greetings/bye.html.erb within layouts/application (0.1ms)
Completed 200 OK in 27ms (Views: 25.7ms | ActiveRecord: 0.0ms)


Started GET "/greetings/hello" for 127.0.0.1 at 2017-11-02 01:35:31 +0800
Processing by GreetingsController#hello as HTML
  Rendered greetings/hello.html.erb within layouts/application (0.2ms)
Completed 200 OK in 20ms (Views: 18.6ms | ActiveRecord: 0.0ms)


Started GET "/greetings/hello" for 127.0.0.1 at 2017-11-02 01:35:34 +0800
Processing by GreetingsController#hello as HTML
  Rendered greetings/hello.html.erb within layouts/application (0.0ms)
Completed 200 OK in 7ms (Views: 6.5ms | ActiveRecord: 0.0ms)


Started GET "/greetings/bye" for 127.0.0.1 at 2017-11-02 01:35:52 +0800
Processing by GreetingsController#bye as HTML
  Rendered greetings/bye.html.erb within layouts/application (0.1ms)
Completed 200 OK in 17ms (Views: 15.8ms | ActiveRecord: 0.0ms)


Started GET "/greetings/bye" for 127.0.0.1 at 2017-11-02 01:35:54 +0800
Processing by GreetingsController#bye as HTML
  Rendered greetings/bye.html.erb within layouts/application (0.0ms)
Completed 200 OK in 8ms (Views: 7.7ms | ActiveRecord: 0.0ms)


Started GET "/greetings/hello" for 127.0.0.1 at 2017-11-02 01:35:56 +0800
Processing by GreetingsController#hello as HTML
  Rendered greetings/hello.html.erb within layouts/application (0.0ms)
Completed 200 OK in 7ms (Views: 6.8ms | ActiveRecord: 0.0ms)


Started GET "/greetings/hello" for 127.0.0.1 at 2017-11-02 01:35:59 +0800
Processing by GreetingsController#hello as HTML
  Rendered greetings/hello.html.erb within layouts/application (0.1ms)
Completed 200 OK in 22ms (Views: 21.3ms | ActiveRecord: 0.0ms)


Started GET "/greetings/hello" for 127.0.0.1 at 2017-11-02 01:36:02 +0800
Processing by GreetingsController#hello as HTML
  Rendered greetings/hello.html.erb within layouts/application (0.0ms)
Completed 200 OK in 9ms (Views: 9.2ms | ActiveRecord: 0.0ms)


Started GET "/greetings/hello" for 127.0.0.1 at 2017-11-02 01:36:04 +0800
Processing by GreetingsController#hello as HTML
  Rendered greetings/hello.html.erb within layouts/application (0.1ms)
Completed 200 OK in 17ms (Views: 16.2ms | ActiveRecord: 0.0ms)


Started GET "/greetings/bye" for 127.0.0.1 at 2017-11-02 01:36:10 +0800
Processing by GreetingsController#bye as HTML
  Rendered greetings/bye.html.erb within layouts/application (0.0ms)
Completed 200 OK in 7ms (Views: 6.4ms | ActiveRecord: 0.0ms)


Started GET "/greetings/hello" for 127.0.0.1 at 2017-11-02 01:36:13 +0800
Processing by GreetingsController#hello as HTML
  Rendered greetings/hello.html.erb within layouts/application (0.1ms)
Completed 200 OK in 15ms (Views: 14.9ms | ActiveRecord: 0.0ms)


Started GET "/greetings/hello" for 127.0.0.1 at 2017-11-02 01:38:13 +0800
Processing by GreetingsController#hello as HTML
  Rendered greetings/hello.html.erb within layouts/application (0.3ms)
Completed 200 OK in 6ms (Views: 6.0ms | ActiveRecord: 0.0ms)


Started GET "/greetings/bye" for 127.0.0.1 at 2017-11-02 01:38:15 +0800
Processing by GreetingsController#bye as HTML
  Rendered greetings/bye.html.erb within layouts/application (0.0ms)
Completed 200 OK in 7ms (Views: 6.2ms | ActiveRecord: 0.0ms)


Started GET "/greetings/hello" for 127.0.0.1 at 2017-11-02 01:38:16 +0800
Processing by GreetingsController#hello as HTML
  Rendered greetings/hello.html.erb within layouts/application (0.1ms)
Completed 200 OK in 20ms (Views: 19.8ms | ActiveRecord: 0.0ms)


Started GET "/greetings/hello" for 127.0.0.1 at 2017-11-02 01:38:19 +0800
Processing by GreetingsController#hello as HTML
  Rendered greetings/hello.html.erb within layouts/application (0.0ms)
Completed 200 OK in 10ms (Views: 9.7ms | ActiveRecord: 0.0ms)


Started GET "/greetings/hello" for 127.0.0.1 at 2017-11-02 01:38:25 +0800
Processing by GreetingsController#hello as HTML
  Rendered greetings/hello.html.erb within layouts/application (0.0ms)
Completed 200 OK in 7ms (Views: 7.0ms | ActiveRecord: 0.0ms)


Started GET "/greetings/bye" for 127.0.0.1 at 2017-11-02 01:38:27 +0800
Processing by GreetingsController#bye as HTML
  Rendered greetings/bye.html.erb within layouts/application (0.0ms)
Completed 200 OK in 14ms (Views: 13.8ms | ActiveRecord: 0.0ms)


Started GET "/greetings/hello" for 127.0.0.1 at 2017-11-02 01:38:28 +0800
Processing by GreetingsController#hello as HTML
  Rendered greetings/hello.html.erb within layouts/application (0.0ms)
Completed 200 OK in 7ms (Views: 7.0ms | ActiveRecord: 0.0ms)


Started GET "/greetings/hello" for 127.0.0.1 at 2017-11-02 01:38:31 +0800
Processing by GreetingsController#hello as HTML
  Rendered greetings/hello.html.erb within layouts/application (0.0ms)
Completed 200 OK in 9ms (Views: 8.4ms | ActiveRecord: 0.0ms)


Started GET "/greetings/hello" for 127.0.0.1 at 2017-11-02 11:16:09 +0800
Processing by GreetingsController#hello as HTML
  Rendered greetings/hello.html.erb within layouts/application (2.2ms)
Completed 200 OK in 460ms (Views: 447.4ms | ActiveRecord: 0.0ms)


Started GET "/greetings/bye" for 127.0.0.1 at 2017-11-02 11:20:32 +0800
Processing by GreetingsController#bye as HTML
  Rendered greetings/bye.html.erb within layouts/application (0.4ms)
Completed 200 OK in 8ms (Views: 7.3ms | ActiveRecord: 0.0ms)


Started GET "/greetings/hello" for 127.0.0.1 at 2017-11-02 11:20:45 +0800
Processing by GreetingsController#hello as HTML
  Rendered greetings/hello.html.erb within layouts/application (0.3ms)
Completed 200 OK in 8ms (Views: 8.1ms | ActiveRecord: 0.0ms)


Started GET "/greetings/hello" for 127.0.0.1 at 2017-11-02 11:20:48 +0800
Processing by GreetingsController#hello as HTML
  Rendered greetings/hello.html.erb within layouts/application (0.0ms)
Completed 200 OK in 6ms (Views: 5.7ms | ActiveRecord: 0.0ms)
  [1m[36m (136.7ms)[0m  [1mCREATE TABLE "schema_migrations" ("version" varchar NOT NULL) [0m
  [1m[35m (0.2ms)[0m  select sqlite_version(*)
  [1m[36m (77.0ms)[0m  [1mCREATE UNIQUE INDEX "unique_schema_migrations" ON "schema_migrations" ("version")[0m
  [1m[35mActiveRecord::SchemaMigration Load (0.2ms)[0m  SELECT "schema_migrations".* FROM "schema_migrations"
Migrating to CreateHighScores (20171102040543)
  [1m[36m (0.1ms)[0m  [1mbegin transaction[0m
  [1m[35m (0.6ms)[0m  CREATE TABLE "high_scores" ("id" INTEGER PRIMARY KEY AUTOINCREMENT NOT NULL, "game" varchar, "score" integer, "created_at" datetime NOT NULL, "updated_at" datetime NOT NULL) 
  [1m[36mSQL (0.4ms)[0m  [1mINSERT INTO "schema_migrations" ("version") VALUES (?)[0m  [["version", "20171102040543"]]
  [1m[35m (82.7ms)[0m  commit transaction
  [1m[36mActiveRecord::SchemaMigration Load (0.2ms)[0m  [1mSELECT "schema_migrations".* FROM "schema_migrations"[0m


Started GET "/high_scores" for 127.0.0.1 at 2017-11-02 12:15:14 +0800
  [1m[36mActiveRecord::SchemaMigration Load (0.1ms)[0m  [1mSELECT "schema_migrations".* FROM "schema_migrations"[0m
Processing by HighScoresController#index as HTML
  [1m[35mHighScore Load (0.1ms)[0m  SELECT "high_scores".* FROM "high_scores"
  Rendered high_scores/index.html.erb within layouts/application (1.4ms)
Completed 200 OK in 286ms (Views: 279.1ms | ActiveRecord: 0.1ms)


Started GET "/assets/high_scores.self-e3b0c44298fc1c149afbf4c8996fb92427ae41e4649b934ca495991b7852b855.css?body=1" for 127.0.0.1 at 2017-11-02 12:15:14 +0800


Started GET "/assets/high_scores.self-877aef30ae1b040ab8a3aba4e3e309a11d7f2612f44dde450b5c157aa5f95c05.js?body=1" for 127.0.0.1 at 2017-11-02 12:15:14 +0800


Started GET "/assets/scaffolds.self-b1f4924c85e071fb2c483dbeff08b3490841eda413dfb0c9a9049b1a75f03303.css?body=1" for 127.0.0.1 at 2017-11-02 12:15:14 +0800


Started GET "/high_scores/new" for 127.0.0.1 at 2017-11-02 12:15:23 +0800
Processing by HighScoresController#new as HTML
  Rendered high_scores/_form.html.erb (75.6ms)
  Rendered high_scores/new.html.erb within layouts/application (105.9ms)
Completed 200 OK in 129ms (Views: 125.9ms | ActiveRecord: 0.2ms)


Started POST "/high_scores" for 127.0.0.1 at 2017-11-02 12:15:37 +0800
Processing by HighScoresController#create as HTML
  Parameters: {"utf8"=>"✓", "authenticity_token"=>"hua/kh62JVycvhiYi062sYfy4H76KIbJQevNfAyOJG4iJrVlYPDwE4pWCBK8U285YJwzhkXgUiXYjs6T4/vhFw==", "high_score"=>{"game"=>"zjx", "score"=>"100"}, "commit"=>"Create High score"}
  [1m[36m (0.1ms)[0m  [1mbegin transaction[0m
  [1m[35mSQL (0.5ms)[0m  INSERT INTO "high_scores" ("game", "score", "created_at", "updated_at") VALUES (?, ?, ?, ?)  [["game", "zjx"], ["score", 100], ["created_at", "2017-11-02 04:15:37.895864"], ["updated_at", "2017-11-02 04:15:37.895864"]]
  [1m[36m (164.5ms)[0m  [1mcommit transaction[0m
Redirected to http://localhost:3000/high_scores/1
Completed 302 Found in 177ms (ActiveRecord: 165.1ms)


Started GET "/high_scores/1" for 127.0.0.1 at 2017-11-02 12:15:38 +0800
Processing by HighScoresController#show as HTML
  Parameters: {"id"=>"1"}
  [1m[35mHighScore Load (0.3ms)[0m  SELECT  "high_scores".* FROM "high_scores" WHERE "high_scores"."id" = ? LIMIT 1  [["id", 1]]
  Rendered high_scores/show.html.erb within layouts/application (2.9ms)
Completed 200 OK in 83ms (Views: 45.4ms | ActiveRecord: 0.3ms)


Started GET "/high_scores" for 127.0.0.1 at 2017-11-02 12:15:41 +0800
Processing by HighScoresController#index as HTML
  [1m[36mHighScore Load (0.1ms)[0m  [1mSELECT "high_scores".* FROM "high_scores"[0m
  Rendered high_scores/index.html.erb within layouts/application (1.0ms)
Completed 200 OK in 16ms (Views: 14.9ms | ActiveRecord: 0.1ms)


Started GET "/high_scores/1" for 127.0.0.1 at 2017-11-02 12:15:45 +0800
Processing by HighScoresController#show as HTML
  Parameters: {"id"=>"1"}
  [1m[35mHighScore Load (0.1ms)[0m  SELECT  "high_scores".* FROM "high_scores" WHERE "high_scores"."id" = ? LIMIT 1  [["id", 1]]
  Rendered high_scores/show.html.erb within layouts/application (0.3ms)
Completed 200 OK in 25ms (Views: 23.4ms | ActiveRecord: 0.1ms)


Started GET "/high_scores" for 127.0.0.1 at 2017-11-02 12:15:48 +0800
Processing by HighScoresController#index as HTML
  [1m[36mHighScore Load (0.1ms)[0m  [1mSELECT "high_scores".* FROM "high_scores"[0m
  Rendered high_scores/index.html.erb within layouts/application (1.4ms)
Completed 200 OK in 15ms (Views: 14.6ms | ActiveRecord: 0.1ms)


Started GET "/high_scores/new" for 127.0.0.1 at 2017-11-02 12:15:51 +0800
Processing by HighScoresController#new as HTML
  Rendered high_scores/_form.html.erb (1.1ms)
  Rendered high_scores/new.html.erb within layouts/application (1.5ms)
Completed 200 OK in 11ms (Views: 11.0ms | ActiveRecord: 0.0ms)


Started POST "/high_scores" for 127.0.0.1 at 2017-11-02 12:15:59 +0800
Processing by HighScoresController#create as HTML
  Parameters: {"utf8"=>"✓", "authenticity_token"=>"NnhWneK3rvthb6KefW2LJmcSRfNmb+mijuHzSJpuFJCSuFxqnPF7tHeHshRKcFKugHyWC9mnPU4XhPCndRvR6Q==", "high_score"=>{"game"=>"zz", "score"=>"0"}, "commit"=>"Create High score"}
  [1m[35m (0.1ms)[0m  begin transaction
  [1m[36mSQL (0.1ms)[0m  [1mINSERT INTO "high_scores" ("game", "score", "created_at", "updated_at") VALUES (?, ?, ?, ?)[0m  [["game", "zz"], ["score", 0], ["created_at", "2017-11-02 04:15:59.832720"], ["updated_at", "2017-11-02 04:15:59.832720"]]
  [1m[35m (119.7ms)[0m  commit transaction
Redirected to http://localhost:3000/high_scores/2
Completed 302 Found in 124ms (ActiveRecord: 119.8ms)


Started GET "/high_scores/2" for 127.0.0.1 at 2017-11-02 12:15:59 +0800
Processing by HighScoresController#show as HTML
  Parameters: {"id"=>"2"}
  [1m[36mHighScore Load (0.1ms)[0m  [1mSELECT  "high_scores".* FROM "high_scores" WHERE "high_scores"."id" = ? LIMIT 1[0m  [["id", 2]]
  Rendered high_scores/show.html.erb within layouts/application (0.2ms)
Completed 200 OK in 13ms (Views: 12.2ms | ActiveRecord: 0.1ms)


Started GET "/high_scores" for 127.0.0.1 at 2017-11-02 12:16:01 +0800
Processing by HighScoresController#index as HTML
  [1m[35mHighScore Load (0.1ms)[0m  SELECT "high_scores".* FROM "high_scores"
  Rendered high_scores/index.html.erb within layouts/application (0.9ms)
Completed 200 OK in 17ms (Views: 16.9ms | ActiveRecord: 0.1ms)


Started GET "/high_scores/new" for 127.0.0.1 at 2017-11-02 12:16:41 +0800
Processing by HighScoresController#new as HTML
  Rendered high_scores/_form.html.erb (5.0ms)
  Rendered high_scores/new.html.erb within layouts/application (6.7ms)
Completed 200 OK in 32ms (Views: 29.8ms | ActiveRecord: 0.0ms)


Started POST "/high_scores" for 127.0.0.1 at 2017-11-02 12:17:03 +0800
Processing by HighScoresController#create as HTML
  Parameters: {"utf8"=>"✓", "authenticity_token"=>"9MUDqnhBzkLULie1Hms0/8sil8kNC8E8VM1/NvnTtO5QBQldBgcbDcLGNz8pdu13LExEMbLDFdDNqHzZFqZxlw==", "high_score"=>{"game"=>"superman", "score"=>"1000000"}, "commit"=>"Create High score"}
  [1m[36m (0.0ms)[0m  [1mbegin transaction[0m
  [1m[35mSQL (0.1ms)[0m  INSERT INTO "high_scores" ("game", "score", "created_at", "updated_at") VALUES (?, ?, ?, ?)  [["game", "superman"], ["score", 1000000], ["created_at", "2017-11-02 04:17:03.881327"], ["updated_at", "2017-11-02 04:17:03.881327"]]
  [1m[36m (132.8ms)[0m  [1mcommit transaction[0m
Redirected to http://localhost:3000/high_scores/3
Completed 302 Found in 135ms (ActiveRecord: 132.9ms)


Started GET "/high_scores/3" for 127.0.0.1 at 2017-11-02 12:17:04 +0800
Processing by HighScoresController#show as HTML
  Parameters: {"id"=>"3"}
  [1m[35mHighScore Load (0.2ms)[0m  SELECT  "high_scores".* FROM "high_scores" WHERE "high_scores"."id" = ? LIMIT 1  [["id", 3]]
  Rendered high_scores/show.html.erb within layouts/application (0.7ms)
Completed 200 OK in 32ms (Views: 30.1ms | ActiveRecord: 0.2ms)


Started GET "/high_scores" for 127.0.0.1 at 2017-11-02 12:17:05 +0800
Processing by HighScoresController#index as HTML
  [1m[36mHighScore Load (0.3ms)[0m  [1mSELECT "high_scores".* FROM "high_scores"[0m
  Rendered high_scores/index.html.erb within layouts/application (3.0ms)
Completed 200 OK in 33ms (Views: 31.8ms | ActiveRecord: 0.3ms)


Started GET "/high_scores/1" for 127.0.0.1 at 2017-11-02 12:17:27 +0800
Processing by HighScoresController#show as HTML
  Parameters: {"id"=>"1"}
  [1m[35mHighScore Load (0.1ms)[0m  SELECT  "high_scores".* FROM "high_scores" WHERE "high_scores"."id" = ? LIMIT 1  [["id", 1]]
  Rendered high_scores/show.html.erb within layouts/application (0.2ms)
Completed 200 OK in 10ms (Views: 8.9ms | ActiveRecord: 0.1ms)


Started GET "/high_scores" for 127.0.0.1 at 2017-11-02 12:17:43 +0800
Processing by HighScoresController#index as HTML
  [1m[36mHighScore Load (0.1ms)[0m  [1mSELECT "high_scores".* FROM "high_scores"[0m
  Rendered high_scores/index.html.erb within layouts/application (1.1ms)
Completed 200 OK in 16ms (Views: 15.4ms | ActiveRecord: 0.1ms)


Started GET "/high_scores/new" for 127.0.0.1 at 2017-11-02 12:17:46 +0800
Processing by HighScoresController#new as HTML
  Rendered high_scores/_form.html.erb (3.8ms)
  Rendered high_scores/new.html.erb within layouts/application (5.5ms)
Completed 200 OK in 28ms (Views: 26.9ms | ActiveRecord: 0.0ms)
